app/build/outputs/logs/manifest-merger-debug-report.txt
-- Merging decision tree log ---
manifest
ADDED from src/main/AndroidManifest.xml:2:1-85:12
	package
		ADDED from src/main/AndroidManifest.xml:4:5-37
		INJECTED from src/main/AndroidManifest.xml
		INJECTED from src/main/AndroidManifest.xml
	android:versionName
		INJECTED from src/main/AndroidManifest.xml
		INJECTED from src/main/AndroidManifest.xml
	xmlns:tools
		ADDED from src/main/AndroidManifest.xml:3:5-51
	xmlns:android
		ADDED from src/main/AndroidManifest.xml:2:11-69
	android:versionCode
		INJECTED from src/main/AndroidManifest.xml
		INJECTED from src/main/AndroidManifest.xml
uses-permission#android.permission.WRITE_EXTERNAL_STORAGE
ADDED from src/main/AndroidManifest.xml:6:5-80
	android:name
		ADDED from src/main/AndroidManifest.xml:6:22-78
uses-permission#com.android.launcher.permission.INSTALL_SHORTCUT
ADDED from src/main/AndroidManifest.xml:7:5-88
	android:name
		ADDED from src/main/AndroidManifest.xml:7:22-85
uses-permission#android.permission.INTERNET
ADDED from src/main/AndroidManifest.xml:8:5-87
REJECTED from [com.github.daniel-stoneuk:material-about-library:1.5.0] AndroidManifest.xml:11:5-67
	tools:node
		ADDED from src/main/AndroidManifest.xml:8:65-84
	android:name
		ADDED from src/main/AndroidManifest.xml:8:22-64
uses-permission#android.permission.VIBRATE
ADDED from src/main/AndroidManifest.xml:9:5-86
REJECTED from [com.wdullaer:materialdatetimepicker:3.1.3] AndroidManifest.xml:26:5-66
	tools:node
		ADDED from src/main/AndroidManifest.xml:9:64-83
	android:name
		ADDED from src/main/AndroidManifest.xml:9:22-63
application
ADDED from src/main/AndroidManifest.xml:11:5-83:19
MERGED from [com.android.support.constraint:constraint-layout:1.0.2] AndroidManifest.xml:9:5-20
MERGED from [com.wdullaer:materialdatetimepicker:3.1.3] AndroidManifest.xml:28:5-20
MERGED from [com.android.support:support-v13:25.3.1] AndroidManifest.xml:29:5-20
MERGED from [com.android.support:cardview-v7:25.3.1] AndroidManifest.xml:26:5-20
MERGED from [com.android.support:design:25.3.1] AndroidManifest.xml:29:5-20
MERGED from [com.android.support:appcompat-v7:25.3.1] AndroidManifest.xml:29:5-20
MERGED from [com.android.support:animated-vector-drawable:25.3.1] AndroidManifest.xml:26:5-20
MERGED from [com.android.support:support-vector-drawable:25.3.1] AndroidManifest.xml:26:5-20
MERGED from [com.android.support:transition:25.3.1] AndroidManifest.xml:26:5-20
MERGED from [com.android.support:support-v4:25.3.1] AndroidManifest.xml:29:5-20
MERGED from [com.android.support:support-fragment:25.3.1] AndroidManifest.xml:29:5-20
MERGED from [com.android.support:support-media-compat:25.3.1] AndroidManifest.xml:29:5-20
MERGED from [com.android.support:support-core-ui:25.3.1] AndroidManifest.xml:29:5-20
MERGED from [com.android.support:support-core-utils:25.3.1] AndroidManifest.xml:29:5-20
MERGED from [com.android.support:support-compat:25.3.1] AndroidManifest.xml:29:5-20
MERGED from [com.github.chyrta:AndroidOnboarder:0.6] AndroidManifest.xml:11:5-15:19
	android:label
		ADDED from src/main/AndroidManifest.xml:14:9-41
	android:supportsRtl
		ADDED from src/main/AndroidManifest.xml:16:9-35
	android:fullBackupContent
		ADDED from src/main/AndroidManifest.xml:18:9-59
	android:roundIcon
		ADDED from src/main/AndroidManifest.xml:15:9-48
	tools:ignore
		ADDED from src/main/AndroidManifest.xml:19:9-48
	android:allowBackup
		ADDED from src/main/AndroidManifest.xml:12:9-35
	android:icon
		ADDED from src/main/AndroidManifest.xml:13:9-43
	android:theme
		ADDED from src/main/AndroidManifest.xml:17:9-40
activity#de.baumann.timetracker.Activity_Main
ADDED from src/main/AndroidManifest.xml:20:9-31:20
	android:label
		ADDED from src/main/AndroidManifest.xml:23:13-45
	android:launchMode
		ADDED from src/main/AndroidManifest.xml:21:13-44
	android:theme
		ADDED from src/main/AndroidManifest.xml:24:13-56
	android:name
		ADDED from src/main/AndroidManifest.xml:22:13-64
intent-filter#android.intent.action.MAIN+android.intent.category.LAUNCHER
ADDED from src/main/AndroidManifest.xml:25:13-28:29
action#android.intent.action.MAIN
ADDED from src/main/AndroidManifest.xml:26:17-69
	android:name
		ADDED from src/main/AndroidManifest.xml:26:25-66
category#android.intent.category.LAUNCHER
ADDED from src/main/AndroidManifest.xml:27:17-77
	android:name
		ADDED from src/main/AndroidManifest.xml:27:27-74
meta-data#android.app.shortcuts
ADDED from src/main/AndroidManifest.xml:29:13-30:53
	android:resource
		ADDED from src/main/AndroidManifest.xml:30:17-50
	android:name
		ADDED from src/main/AndroidManifest.xml:29:24-60
activity#de.baumann.timetracker.activities.Activity_EditEntry
ADDED from src/main/AndroidManifest.xml:33:9-41:20
	android:label
		ADDED from src/main/AndroidManifest.xml:36:13-48
	android:launchMode
		ADDED from src/main/AndroidManifest.xml:34:13-44
	android:theme
		ADDED from src/main/AndroidManifest.xml:37:13-50
	android:name
		ADDED from src/main/AndroidManifest.xml:35:13-58
intent-filter#shortcut_newEntry
ADDED from src/main/AndroidManifest.xml:38:13-40:29
action#shortcut_newEntry
ADDED from src/main/AndroidManifest.xml:39:17-60
	android:name
		ADDED from src/main/AndroidManifest.xml:39:25-57
activity#de.baumann.timetracker.activities.Activity_Settings
ADDED from src/main/AndroidManifest.xml:43:9-47:59
	android:label
		ADDED from src/main/AndroidManifest.xml:46:13-52
	android:launchMode
		ADDED from src/main/AndroidManifest.xml:44:13-44
	android:theme
		ADDED from src/main/AndroidManifest.xml:47:13-56
	android:name
		ADDED from src/main/AndroidManifest.xml:45:13-57
activity#de.baumann.timetracker.activities.Activity_Tasks
ADDED from src/main/AndroidManifest.xml:49:9-53:59
	android:label
		ADDED from src/main/AndroidManifest.xml:52:13-46
	android:launchMode
		ADDED from src/main/AndroidManifest.xml:50:13-44
	android:theme
		ADDED from src/main/AndroidManifest.xml:53:13-56
	android:name
		ADDED from src/main/AndroidManifest.xml:51:13-54
activity#de.baumann.timetracker.activities.Activity_Comments
ADDED from src/main/AndroidManifest.xml:55:9-59:59
	android:label
		ADDED from src/main/AndroidManifest.xml:58:13-49
	android:launchMode
		ADDED from src/main/AndroidManifest.xml:56:13-44
	android:theme
		ADDED from src/main/AndroidManifest.xml:59:13-56
	android:name
		ADDED from src/main/AndroidManifest.xml:57:13-57
activity#de.baumann.timetracker.about.About_activity
ADDED from src/main/AndroidManifest.xml:61:9-65:59
	android:label
		ADDED from src/main/AndroidManifest.xml:64:13-48
	android:launchMode
		ADDED from src/main/AndroidManifest.xml:62:13-44
	android:theme
		ADDED from src/main/AndroidManifest.xml:65:13-56
	android:name
		ADDED from src/main/AndroidManifest.xml:63:13-49
activity#de.baumann.timetracker.activities.Activity_Intro
ADDED from src/main/AndroidManifest.xml:67:9-71:59
	android:label
		ADDED from src/main/AndroidManifest.xml:70:13-45
	android:launchMode
		ADDED from src/main/AndroidManifest.xml:68:13-44
	android:theme
		ADDED from src/main/AndroidManifest.xml:71:13-56
	android:name
		ADDED from src/main/AndroidManifest.xml:69:13-54
provider#android.support.v4.content.FileProvider
ADDED from src/main/AndroidManifest.xml:73:9-81:20
	android:authorities
		ADDED from src/main/AndroidManifest.xml:75:13-66
	android:grantUriPermissions
		ADDED from src/main/AndroidManifest.xml:77:13-47
	android:exported
		ADDED from src/main/AndroidManifest.xml:76:13-37
	android:name
		ADDED from src/main/AndroidManifest.xml:74:13-67
meta-data#android.support.FILE_PROVIDER_PATHS
ADDED from src/main/AndroidManifest.xml:78:13-80:53
	android:resource
		ADDED from src/main/AndroidManifest.xml:80:17-51
	android:name
		ADDED from src/main/AndroidManifest.xml:79:17-67
uses-sdk
INJECTED from src/main/AndroidManifest.xml reason: use-sdk injection requested
MERGED from [com.android.support.constraint:constraint-layout:1.0.2] AndroidManifest.xml:5:5-7:41
MERGED from [com.wdullaer:materialdatetimepicker:3.1.3] AndroidManifest.xml:22:5-24:41
MERGED from [com.android.support:support-v13:25.3.1] AndroidManifest.xml:21:5-23:55
MERGED from [com.github.daniel-stoneuk:material-about-library:1.5.0] AndroidManifest.xml:7:5-9:41
MERGED from [com.android.support:cardview-v7:25.3.1] AndroidManifest.xml:20:5-43
MERGED from [com.android.support:design:25.3.1] AndroidManifest.xml:21:5-23:62
MERGED from [com.android.support:appcompat-v7:25.3.1] AndroidManifest.xml:21:5-23:78
MERGED from [com.android.support:animated-vector-drawable:25.3.1] AndroidManifest.xml:20:5-44
MERGED from [com.android.support:support-vector-drawable:25.3.1] AndroidManifest.xml:20:5-43
MERGED from [com.android.support:recyclerview-v7:25.3.1] AndroidManifest.xml:20:5-43
MERGED from [com.android.support:transition:25.3.1] AndroidManifest.xml:20:5-44
MERGED from [com.android.support:support-v4:25.3.1] AndroidManifest.xml:21:5-23:54
MERGED from [com.android.support:support-fragment:25.3.1] AndroidManifest.xml:21:5-23:60
MERGED from [com.android.support:support-media-compat:25.3.1] AndroidManifest.xml:21:5-23:63
MERGED from [com.android.support:support-core-ui:25.3.1] AndroidManifest.xml:21:5-23:58
MERGED from [com.android.support:support-core-utils:25.3.1] AndroidManifest.xml:21:5-23:61
MERGED from [com.android.support:support-compat:25.3.1] AndroidManifest.xml:21:5-23:58
MERGED from [com.github.chyrta:AndroidOnboarder:0.6] AndroidManifest.xml:7:5-9:41
	tools:overrideLibrary
		ADDED from [com.android.support:support-v13:25.3.1] AndroidManifest.xml:23:9-52
	android:targetSdkVersion
		INJECTED from src/main/AndroidManifest.xml
		INJECTED from src/main/AndroidManifest.xml
	android:minSdkVersion
		INJECTED from src/main/AndroidManifest.xml
		INJECTED from src/main/AndroidManifest.xml
meta-data#android.support.VERSION
ADDED from [com.android.support:support-v13:25.3.1] AndroidManifest.xml:25:5-27:34
MERGED from [com.android.support:cardview-v7:25.3.1] AndroidManifest.xml:22:5-24:34
MERGED from [com.android.support:design:25.3.1] AndroidManifest.xml:25:5-27:34
MERGED from [com.android.support:appcompat-v7:25.3.1] AndroidManifest.xml:25:5-27:34
MERGED from [com.android.support:animated-vector-drawable:25.3.1] AndroidManifest.xml:22:5-24:34
MERGED from [com.android.support:support-vector-drawable:25.3.1] AndroidManifest.xml:22:5-24:34
MERGED from [com.android.support:recyclerview-v7:25.3.1] AndroidManifest.xml:22:5-24:34
MERGED from [com.android.support:transition:25.3.1] AndroidManifest.xml:22:5-24:34
MERGED from [com.android.support:support-v4:25.3.1] AndroidManifest.xml:25:5-27:34
MERGED from [com.android.support:support-fragment:25.3.1] AndroidManifest.xml:25:5-27:34
MERGED from [com.android.support:support-media-compat:25.3.1] AndroidManifest.xml:25:5-27:34
MERGED from [com.android.support:support-core-ui:25.3.1] AndroidManifest.xml:25:5-27:34
MERGED from [com.android.support:support-core-utils:25.3.1] AndroidManifest.xml:25:5-27:34
MERGED from [com.android.support:support-compat:25.3.1] AndroidManifest.xml:25:5-27:34
	android:value
		ADDED from [com.android.support:support-v13:25.3.1] AndroidManifest.xml:27:9-31
	android:name
		ADDED from [com.android.support:support-v13:25.3.1] AndroidManifest.xml:26:9-47